^C=== Обогащение данными Росреестра (пакет 500) ===
Найдено лотов для обогащения: 0
=== Готово: обогащено 0, не найдено в PKK: 0 ===
=== Обогащение данными Росреестра (пакет 500) ===
Найдено лотов для обогащения: 0
=== Готово: обогащено 0, не найдено в PKK: 0 ===
=== Обогащение данными Росреестра (пакет 500) ===
Найдено лотов для обогащения: 500
[Росреестр] Ошибка запроса 30:09:090502:393: 
[Росреестр] Ошибка запроса 66:25:4101003:683: 
[Росреестр] Ошибка запроса 68:11:0000000:01: 
[Росреестр] Ошибка запроса 68:11:0000000:01: 
[Росреестр] Ошибка запроса 58:07:0200101:888: 
[Росреестр] Ошибка запроса 58:07:0570301:6162: 
[Росреестр] Ошибка запроса 04:02:010606:373: 
[Росреестр] Ошибка запроса 47:16:0642001:398: 
[Росреестр] Ошибка запроса 47:16:0624001:436: 
[Росреестр] Ошибка запроса 47:16:0000000:45457: 
[Росреестр] Ошибка запроса 47:16:0000000:45459: 
[Росреестр] Ошибка запроса 22:19:010007:87: 
[Росреестр] Ошибка запроса 22:19:010007:145: 
[Росреестр] Ошибка запроса 62:01:0080103:4023: 
[Росреестр] Ошибка запроса 62:01:0080103:4027: 
[Росреестр] Ошибка запроса 62:01:0080102:2203: 
[Росреестр] Ошибка запроса 71:22:050314:157: 
[Росреестр] Ошибка запроса 71:23:040310:2333: 
[Росреестр] Ошибка запроса 71:23:050106:490: 
[Росреестр] Ошибка запроса 71:23:050106:491: 
[Росреестр] Ошибка запроса 71:23:050101:1921: 
[Росреестр] Ошибка запроса 24:40:0260105:340: 
[Росреестр] Ошибка запроса 04:02:010606:468: 
[Росреестр] Ошибка запроса 34:13:130020:2044: 
[Росреестр] Ошибка запроса 16:42:010301:356: 
[Росреестр] Ошибка запроса 50:37:0020412:766: 
[Росреестр] Ошибка запроса 23:01:0804015:1111: 
[Росреестр] Ошибка запроса 53:05:0130120:197: 
[Росреестр] Ошибка запроса 34:08:120201:1574: 
[Росреестр] Ошибка запроса 04:02:010606:463: 
[Росреестр] Ошибка запроса 53:05:0110103:187: 
[Росреестр] Ошибка запроса 59:15:0030101:228: 
[Росреестр] Ошибка запроса 15:07:0260101:439: 
[Росреестр] Ошибка запроса 15:07:0440101:197: 
[Росреестр] Ошибка запроса 15:07:0250123:165: 
[Росреестр] Ошибка запроса 15:07:0250126:239: 
[Росреестр] Ошибка запроса 15:07:0440101:196: 
[Росреестр] Ошибка запроса 59:05:0101011:274: 
[Росреестр] Ошибка запроса 59:05:0101011:266: 
[Росреестр] Ошибка запроса 59:05:0101011:275: 
[Росреестр] Ошибка запроса 59:05:0101017:1776: 
[Росреестр] Ошибка запроса 59:05:0101011:270: 
[Росреестр] Ошибка запроса 59:05:0101011:26: 
[Росреестр] Ошибка запроса 59:05:0103003:771: 
[Росреестр] Ошибка запроса 59:05:0101017:1817: 
[Росреестр] Ошибка запроса 59:05:0101011:268: 
[Росреестр] Ошибка запроса 46:04:080701:227: 
[Росреестр] Ошибка запроса 46:04:000000:1078: 
[Росреестр] Ошибка запроса 46:04:060302:1076: 
[Росреестр] Ошибка запроса 46:04:000000:1080: 
[Росреестр] Ошибка запроса 46:04:060302:1077: 
[Росреестр] Ошибка запроса 46:04:140202:115: 
[Росреестр] Ошибка запроса 46:04:000000:1079: 
[Росреестр] Ошибка запроса 53:05:0110602:174: 
[Росреестр] Ошибка запроса 50:37:0020412:795: 
[Росреестр] Ошибка запроса 04:02:010606:312: 
[Росреестр] Ошибка запроса 66:35:0207003:28: 
[Росреестр] Ошибка запроса 50:37:0020412:786: 
[Росреестр] Ошибка запроса 47:16:0501003:624: 
[Росреестр] Ошибка запроса 25:14:040201:2494: 
[Росреестр] Ошибка запроса 42:34:0101044:567: 
[Росреестр] Ошибка запроса 53:05:0110602:175: 
[Росреестр] Ошибка запроса 47:16:0608001:444: 
[Росреестр] Ошибка запроса 57:22:0760101:442: 
[Росреестр] Ошибка запроса 57:25:0031114:19: 
[Росреестр] Ошибка запроса 57:22:0760102:26: 
[Росреестр] Ошибка запроса 57:02:0100101:10: 
[Росреестр] Ошибка запроса 57:09:0720101:1: 
[Росреестр] Ошибка запроса 57:22:0760101:271: 
[Росреестр] Ошибка запроса 50:06:0070601:1171: 
[Росреестр] Ошибка запроса 04:02:010606:367: 
[Росреестр] Ошибка запроса 22:32:040103:527: 
[Росреестр] Ошибка запроса 71:09:030201:3005: 
[Росреестр] Ошибка запроса 71:09:020413:178: 
[Росреестр] Ошибка запроса 71:09:020402:209: 
[Росреестр] Ошибка запроса 28:01:110034:41: 
[Росреестр] Ошибка запроса 71:23:050104:560: 
[Росреестр] Ошибка запроса 71:23:050104:550: 
[Росреестр] Ошибка запроса 71:23:050104:551: 
[Росреестр] Ошибка запроса 11:11:111111:1111: 
[Росреестр] Ошибка запроса 63:36:0000000:000001: 
[Росреестр] Ошибка запроса 63:36:0000000:000001: 
[Росреестр] Ошибка запроса 64:11:160805:326: 
[Росреестр] Ошибка запроса 63:11:1403006:26: 
[Росреестр] Ошибка запроса 23:28:0101003:153: 
[Росреестр] Ошибка запроса 23:28:0101003:827: 
[Росреестр] Ошибка запроса 47:29:0621001:650: 
[Росреестр] Ошибка запроса 47:29:0644001:346: 
[Росреестр] Ошибка запроса 47:29:0340001:364: 
[Росреестр] Ошибка запроса 47:29:0340001:364: 
[Росреестр] Ошибка запроса 56:43:0104001:10: 
[Росреестр] Ошибка запроса 66:14:0701001:50: 
[Росреестр] Ошибка запроса 76:20:050438:216: 
[Росреестр] Ошибка запроса 68:09:4901012:1511: 
[Росреестр] Ошибка запроса 24:01:2501002:845: 
[Росреестр] Ошибка запроса 24:01:3205001:402: 
[Росреестр] Ошибка запроса 24:01:2801003:536: 
[Росреестр] Ошибка запроса 24:01:2801003:537: 
[Росреестр] Ошибка запроса 24:01:2801003:534: 
[Росреестр] Ошибка запроса 76:14:040401:2602: 
[Росреестр] Ошибка запроса 36:31:0700012:1456: 
[Росреестр] Ошибка запроса 65:21:0000006:14: 
[Росреестр] Ошибка запроса 66:14:3101004:70: 
[Росреестр] Ошибка запроса 58:18:0860101:548: 
[Росреестр] Ошибка запроса 35:26:0203011:11: 
[Росреестр] Ошибка запроса 33:01:000101:579: 
[Росреестр] Ошибка запроса 47:13:0418004:305: 
[Росреестр] Ошибка запроса 74:35:1400083:001: 
[Росреестр] Ошибка запроса 47:19:0105031:23: 
[Росреестр] Ошибка запроса 05:03:000007:2766: 
[Росреестр] Ошибка запроса 25:13:020315:6413: 
[Росреестр] Ошибка запроса 71:01:020216:309: 
[Росреестр] Ошибка запроса 33:01:000101:576: 
[Росреестр] Ошибка запроса 02:61:010103:1722: 
[Росреестр] Ошибка запроса 71:01:030502:1336: 
[Росреестр] Ошибка запроса 66:14:1801002:352: 
[Росреестр] Ошибка запроса 37:08:050507:440: 
[Росреестр] Ошибка запроса 33:01:000101:578: 
[Росреестр] Ошибка запроса 89:03:040401:1061: 
[Росреестр] Ошибка запроса 74:32:0401101:377: 
[Росреестр] Ошибка запроса 74:32:0402009:329: 
[Росреестр] Ошибка запроса 74:32:0401101:379: 
[Росреестр] Ошибка запроса 11:11:111111:1111: 
[Росреестр] Ошибка запроса 50:01:0040201:163: 
[Росреестр] Ошибка запроса 50:01:0060364:705: 
[Росреестр] Ошибка запроса 66:56:0601008:3485: 
[Росреестр] Ошибка запроса 66:56:0601008:3487: 
[Росреестр] Ошибка запроса 66:56:0601008:3482: 
[Росреестр] Ошибка запроса 66:56:0601008:3483: 
[Росреестр] Ошибка запроса 37:08:050507:439: 
[Росреестр] Ошибка запроса 33:01:000101:577: 
[Росреестр] Ошибка запроса 66:14:1801002:339: 
[Росреестр] Ошибка запроса 50:01:0060114:315: 
[Росреестр] Ошибка запроса 43:09:340701:109: 
[Росреестр] Ошибка запроса 33:01:000101:580: 
[Росреестр] Ошибка запроса 14:19:211001:680: 
[Росреестр] Ошибка запроса 50:01:0060214:614: 
[Росреестр] Ошибка запроса 28:25:011428:42: 
[Росреестр] Ошибка запроса 50:01:0060214:613: 
[Росреестр] Ошибка запроса 30:04:020206:403: 
[Росреестр] Ошибка запроса 60:07:0160208:237: 
[Росреестр] Ошибка запроса 66:14:3501001:61: 
[Росреестр] Ошибка запроса 35:25:0706002:404: 
[Росреестр] Ошибка запроса 50:01:0020201:1637: 
[Росреестр] Ошибка запроса 33:01:001413:801: 
[Росреестр] Ошибка запроса 50:01:0020201:1633: 
[Росреестр] Ошибка запроса 03:09:210101:90: 
[Росреестр] Ошибка запроса 72:16:0301001:00000001: 
[Росреестр] Ошибка запроса 12:04:0190101:1456: 
[Росреестр] Ошибка запроса 12:04:0190101:1462: 
[Росреестр] Ошибка запроса 12:04:0190101:1466: 
[Росреестр] Ошибка запроса 12:04:0190101:1445: 
[Росреестр] Ошибка запроса 23:12:0701002:98: 
[Росреестр] Ошибка запроса 35:25:0706002:403: 
[Росреестр] Ошибка запроса 66:36:0108004:12: 
[Росреестр] Ошибка запроса 53:16:0010402:128: 
[Росреестр] Ошибка запроса 64:42:010901:1036: 
[Росреестр] Ошибка запроса 04:02:010606:471: 
[Росреестр] Ошибка запроса 76:04:033901:2456: 
[Росреестр] Ошибка запроса 76:04:033901:2459: 
[Росреестр] Ошибка запроса 76:04:033901:2474: 
[Росреестр] Ошибка запроса 32:26:0360501:501: 
[Росреестр] Ошибка запроса 45:11:040801:1143: 
[Росреестр] Ошибка запроса 63:36:0000000:000001: 
[Росреестр] Ошибка запроса 49:09:031402:51: 
[Росреестр] Ошибка запроса 43:05:330601:2859: 
[Росреестр] Ошибка запроса 74:06:1703001:548: 
[Росреестр] Ошибка запроса 66:15:2501001:505: 
[Росреестр] Ошибка запроса 66:15:2501001:506: 
[Росреестр] Ошибка запроса 66:15:3401011:1143: 
[Росреестр] Ошибка запроса 35:25:0706002:402: 
[Росреестр] Ошибка запроса 66:53:0302004:15: 
[Росреестр] Ошибка запроса 63:36:0000000:000001: 
[Росреестр] Ошибка запроса 45:11:040801:1143: 
[Росреестр] Ошибка запроса 60:17:0010218:368: 
[Росреестр] Ошибка запроса 60:17:0010464:115: 
[Росреестр] Ошибка запроса 60:17:0010457:118: 
[Росреестр] Ошибка запроса 60:17:0010126:19: 
[Росреестр] Ошибка запроса 74:06:0000000:5267: 
[Росреестр] Ошибка запроса 59:32:1100001:1356: 
[Росреестр] Ошибка запроса 59:32:0420001:60: 
[Росреестр] Ошибка запроса 59:32:0010003:10248: 
[Росреестр] Ошибка запроса 66:14:0301001:190: 
[Росреестр] Ошибка запроса 72:08:0108001:3096: 
[Росреестр] Ошибка запроса 25:09:230101:133: 
[Росреестр] Ошибка запроса 74:06:0905005:37: 
[Росреестр] Ошибка запроса 18:08:058001:581: 
[Росреестр] Ошибка запроса 72:08:0108001:3106: 
[Росреестр] Ошибка запроса 25:09:030201:146: 
[Росреестр] Ошибка запроса 24:28:2901016:63: 
[Росреестр] Ошибка запроса 19:11:020801:261: 
[Росреестр] Ошибка запроса 19:11:020801:262: 
[Росреестр] Ошибка запроса 66:12:5301002:1033: 
[Росреестр] Ошибка запроса 25:27:010001:2164: 
[Росреестр] Ошибка запроса 19:11:040118:220: 
[Росреестр] Ошибка запроса 18:17:126010:785: 
[Росреестр] Ошибка запроса 25:22:120001:5839: 
[Росреестр] Ошибка запроса 25:22:120003:1697: 
[Росреестр] Ошибка запроса 25:22:120001:5850: 
[Росреестр] Ошибка запроса 19:11:040109:786: 
[Росреестр] Ошибка запроса 45:11:020505:709: 
[Росреестр] Ошибка запроса 25:27:110101:1604: 
[Росреестр] Ошибка запроса 24:03:3901025:223: 
[Росреестр] Ошибка запроса 24:23:4610008:8286: 
[Росреестр] Ошибка запроса 24:23:0601005:350: 
[Росреестр] Ошибка запроса 24:23:0601005:349: 
[Росреестр] Ошибка запроса 74:19:1802004:26: 
[Росреестр] Ошибка запроса 03:16:540101:1091: 
[Росреестр] Ошибка запроса 03:16:510107:395: 
[Росреестр] Ошибка запроса 03:16:510107:111: 
[Росреестр] Ошибка запроса 03:16:120101:38: 
[Росреестр] Ошибка запроса 03:16:510107:396: 
[Росреестр] Ошибка запроса 03:16:310149:235: 
[Росреестр] Ошибка запроса 03:16:340155:73: 
[Росреестр] Ошибка запроса 03:16:120134:83: 
[Росреестр] Ошибка запроса 03:16:190105:51: 
[Росреестр] Ошибка запроса 03:16:510107:100: 
[Росреестр] Ошибка запроса 03:16:300109:359: 
[Росреестр] Ошибка запроса 38:28:010411:480: 
[Росреестр] Ошибка запроса 38:28:010411:481: 
[Росреестр] Ошибка запроса 19:01:080401:2354: 
[Росреестр] Ошибка запроса 24:58:0330001:308: 
[Росреестр] Ошибка запроса 25:09:220101:001: 
[Росреестр] Ошибка запроса 25:27:070101:3040: 
[Росреестр] Ошибка запроса 25:18:015601:358: 
[Росреестр] Ошибка запроса 22:49:020117:121: 
[Росреестр] Ошибка запроса 25:18:015601:354: 
[Росреестр] Ошибка запроса 22:49:020116:338: 
[Росреестр] Ошибка запроса 25:18:015601:342: 
[Росреестр] Ошибка запроса 25:34:010620:74: 
[Росреестр] Ошибка запроса 28:14:011103:257: 
[Росреестр] Ошибка запроса 28:04:030346:508: 
[Росреестр] Ошибка запроса 46:19:100102:653: 
[Росреестр] Ошибка запроса 12:14:9001001:65: 
[Росреестр] Ошибка запроса 50:58:0030101:7224: 
[Росреестр] Ошибка запроса 50:08:0090341:389: 
[Росреестр] Ошибка запроса 50:18:0090601:1226: 
[Росреестр] Ошибка запроса 47:29:0621001:650: 
[Росреестр] Ошибка запроса 47:29:0644001:346: 
[Росреестр] Ошибка запроса 47:29:0340001:364: 
[Росреестр] Ошибка запроса 47:29:0340001:364: 
[Росреестр] Ошибка запроса 50:18:0090316:2322: 
[Росреестр] Ошибка запроса 50:04:0130303:1492: 
[Росреестр] Ошибка запроса 50:04:0130303:1486: 
[Росреестр] Ошибка запроса 44:08:052601:750: 
[Росреестр] Ошибка запроса 44:17:090128:12: 
[Росреестр] Ошибка запроса 44:08:052601:957: 
[Росреестр] Ошибка запроса 44:07:131801:47: 
[Росреестр] Ошибка запроса 26:09:043913:400: 
[Росреестр] Ошибка запроса 50:18:0030132:747: 
[Росреестр] Ошибка запроса 23:31:0502039:402: 
[Росреестр] Ошибка запроса 38:06:144004:786: 
[Росреестр] Ошибка запроса 50:31:0040316:77: 
[Росреестр] Ошибка запроса 50:31:0050305:634: 
[Росреестр] Ошибка запроса 50:05:0060101:1080: 
[Росреестр] Ошибка запроса 07:03:0600001:262: 
[Росреестр] Ошибка запроса 07:03:0600001:253: 
[Росреестр] Ошибка запроса 07:03:0600001:266: 
[Росреестр] Ошибка запроса 07:03:0600001:256: 
[Росреестр] Ошибка запроса 34:28:070004:237: 
[Росреестр] Ошибка запроса 52:32:0500004:1516: 
[Росреестр] Ошибка запроса 58:29:2009019:596: 
[Росреестр] Ошибка запроса 58:29:2009006:5854: 
[Росреестр] Ошибка запроса 76:14:050412:1816: 
[Росреестр] Ошибка запроса 23:42:0708001:1706: 
[Росреестр] Ошибка запроса 23:42:0708001:1974: 
[Росреестр] Ошибка запроса 23:42:0708001:1810: 
[Росреестр] Ошибка запроса 23:42:0708001:1975: 
[Росреестр] Ошибка запроса 23:42:0708001:1977: 
[Росреестр] Ошибка запроса 23:42:0708001:1808: 
[Росреестр] Ошибка запроса 23:42:0708001:1996: 
[Росреестр] Ошибка запроса 23:42:0708001:1997: 
[Росреестр] Ошибка запроса 76:20:050103:224: 
[Росреестр] Ошибка запроса 52:32:0900005:1178: 
[Росреестр] Ошибка запроса 50:13:0040112:1651: 
[Росреестр] Ошибка запроса 18:16:029001:41: 
[Росреестр] Ошибка запроса 50:04:0080501:6142: 
[Росреестр] Ошибка запроса 76:20:070103:266: 
[Росреестр] Ошибка запроса 76:20:110107:28: 
[Росреестр] Ошибка запроса 76:20:050313:295: 
[Росреестр] Ошибка запроса 45:25:040102:650: 
[Росреестр] Ошибка запроса 45:25:110304:878: 
[Росреестр] Ошибка запроса 45:25:040320:27: 
[Росреестр] Ошибка запроса 45:25:020809:1482: 
[Росреестр] Ошибка запроса 45:25:040105:84: 
[Росреестр] Ошибка запроса 45:25:030805:627: 
[Росреестр] Ошибка запроса 45:25:040320:207: 
[Росреестр] Ошибка запроса 45:25:030604:1758: 
[Росреестр] Ошибка запроса 45:25:030605:903: 
[Росреестр] Ошибка запроса 45:25:020501:285: 
[Росреестр] Ошибка запроса 45:25:030604:1599: 
[Росреестр] Ошибка запроса 45:25:030414:168: 
[Росреестр] Ошибка запроса 45:25:070510:545: 
[Росреестр] Ошибка запроса 45:25:040102:692: 
[Росреестр] Ошибка запроса 45:25:030604:1626: 
[Росреестр] Ошибка запроса 45:25:080202:1968: 
[Росреестр] Ошибка запроса 45:25:030203:15: 
[Росреестр] Ошибка запроса 47:05:0102001:576: 
[Росреестр] Ошибка запроса 10:03:0100301:295: 
[Росреестр] Ошибка запроса 10:03:0070701:380: 
[Росреестр] Ошибка запроса 10:03:0100301:296: 
[Росреестр] Ошибка запроса 10:03:0100301:276: 
[Росреестр] Ошибка запроса 10:03:0100301:294: 
[Росреестр] Ошибка запроса 10:03:0100301:286: 
[Росреестр] Ошибка запроса 76:20:000000:2908: 
[Росреестр] Ошибка запроса 47:01:0915002:250: 
[Росреестр] Ошибка запроса 35:02:0104005:298: 
[Росреестр] Ошибка запроса 35:02:0305043:567: 
[Росреестр] Ошибка запроса 52:32:0100029:806: 
[Росреестр] Ошибка запроса 50:29:0050105:1659: 
[Росреестр] Ошибка запроса 52:13:0060103:264: 
[Росреестр] Ошибка запроса 52:13:0060103:268: 
[Росреестр] Ошибка запроса 39:19:010103:200: 
[Росреестр] Ошибка запроса 58:30:0040133:1784: 
[Росреестр] Ошибка запроса 58:30:0040316:936: 
[Росреестр] Ошибка запроса 58:30:0010501:98: 
[Росреестр] Ошибка запроса 50:16:0502045:946: 
[Росреестр] Ошибка запроса 33:13:000000:0001: 
[Росреестр] Ошибка запроса 33:13:060138:471: 
[Росреестр] Ошибка запроса 12:04:0180102:252: 
[Росреестр] Ошибка запроса 12:04:0140104:241: 
[Росреестр] Ошибка запроса 12:04:0970101:1181: 
[Росреестр] Ошибка запроса 12:04:0970101:1177: 
[Росреестр] Ошибка запроса 12:04:0190101:1446: 
[Росреестр] Ошибка запроса 12:04:0190101:1444: 
[Росреестр] Ошибка запроса 12:04:1490101:596: 
[Росреестр] Ошибка запроса 12:04:0970101:1174: 
[Росреестр] Ошибка запроса 12:04:0140104:201: 
[Росреестр] Ошибка запроса 12:04:0190101:1464: 
[Росреестр] Ошибка запроса 12:04:0140104:237: 
[Росреестр] Ошибка запроса 12:04:0190101:1461: 
[Росреестр] Ошибка запроса 12:04:0190101:1443: 
[Росреестр] Ошибка запроса 29:18:110701:174: 
[Росреестр] Ошибка запроса 10:05:0010503:287: 
[Росреестр] Ошибка запроса 48:16:0500107:1: 
[Росреестр] Ошибка запроса 33:01:000101:582: 
[Росреестр] Ошибка запроса 35:24:0104013:7: 
[Росреестр] Ошибка запроса 36:31:0700012:1457: 
[Росреестр] Ошибка запроса 50:19:0030414:856: 
[Росреестр] Ошибка запроса 10:05:0060117:209: 
[Росреестр] Ошибка запроса 10:05:0060203:150: 
[Росреестр] Ошибка запроса 10:05:0030201:215: 
[Росреестр] Ошибка запроса 36:31:4000008:413: 
[Росреестр] Ошибка запроса 44:03:150128:460: 
[Росреестр] Ошибка запроса 37:03:011305:478: 
[Росреестр] Ошибка запроса 31:16:0118001:534: 
[Росреестр] Ошибка запроса 40:13:080803:331: 
[Росреестр] Ошибка запроса 71:15:060302:870: 
[Росреестр] Ошибка запроса 58:11:0100301:2000: 
[Росреестр] Ошибка запроса 40:22:125601:217: 
[Росреестр] Ошибка запроса 40:22:125501:218: 
[Росреестр] Ошибка запроса 18:05:014014:822: 
[Росреестр] Ошибка запроса 57:26:0010433:776: 
[Росреестр] Ошибка запроса 53:24:0060101:286: 
[Росреестр] Ошибка запроса 50:04:0190306:2608: 
[Росреестр] Ошибка запроса 58:24:0375003:312: 
[Росреестр] Ошибка запроса 58:24:0292302:112: 
[Росреестр] Ошибка запроса 58:24:0292302:71: 
[Росреестр] Ошибка запроса 58:24:0292302:69: 
[Росреестр] Ошибка запроса 58:24:0375003:314: 
[Росреестр] Ошибка запроса 58:24:0292302:110: 
[Росреестр] Ошибка запроса 58:24:0375003:313: 
[Росреестр] Ошибка запроса 58:24:0292302:48: 
[Росреестр] Ошибка запроса 58:24:0375003:311: 
[Росреестр] Ошибка запроса 58:24:0292302:80: 
[Росреестр] Ошибка запроса 71:22:020305:312: 
[Росреестр] Ошибка запроса 72:01:0504001:45: 
[Росреестр] Ошибка запроса 72:01:0103001:531: 
[Росреестр] Ошибка запроса 72:01:0101007:1156: 
[Росреестр] Ошибка запроса 72:01:0101007:1158: 
[Росреестр] Ошибка запроса 72:01:0103001:282: 
[Росреестр] Ошибка запроса 72:01:0103001:305: 
[Росреестр] Ошибка запроса 72:01:1201003:10: 
[Росреестр] Ошибка запроса 72:01:1301004:261: 
[Росреестр] Ошибка запроса 72:01:0101007:379: 
[Росреестр] Ошибка запроса 72:01:0101007:1624: 
[Росреестр] Ошибка запроса 72:01:0103001:532: 
[Росреестр] Ошибка запроса 72:01:0101007:1156: 
[Росреестр] Ошибка запроса 72:01:0103001:258: 
[Росреестр] Ошибка запроса 72:01:0103001:279: 
[Росреестр] Ошибка запроса 57:26:0010417:2026: 
[Росреестр] Ошибка запроса 50:33:0010412:955: 
[Росреестр] Ошибка запроса 30:05:010109:683: 
[Росреестр] Ошибка запроса 03:08:310101:570: 
[Росреестр] Ошибка запроса 71:01:030216:174: 
[Росреестр] Ошибка запроса 71:01:020216:307: 
[Росреестр] Ошибка запроса 71:14:010409:648: 
[Росреестр] Ошибка запроса 71:22:050106:1056: 
[Росреестр] Ошибка запроса 33:15:000703:736: 
[Росреестр] Ошибка запроса 77:22:0020330:1182: 
[Росреестр] Ошибка запроса 16:38:170105:580: 
[Росреестр] Ошибка запроса 21:02:010806:356: 
[Росреестр] Ошибка запроса 03:12:150439:56: 
[Росреестр] Ошибка запроса 58:09:0200201:370: 
[Росреестр] Ошибка запроса 16:38:040101:1077: 
[Росреестр] Ошибка запроса 21:02:010806:355: 
[Росреестр] Ошибка запроса 17:05:1702001:4617: 
[Росреестр] Ошибка запроса 16:01:210102:483: 
[Росреестр] Ошибка запроса 21:02:010806:358: 
[Росреестр] Ошибка запроса 71:22:020201:922: 
[Росреестр] Ошибка запроса 03:16:360101:97: 
[Росреестр] Ошибка запроса 03:09:000000:11006: 
[Росреестр] Ошибка запроса 03:19:250106:653: 
[Росреестр] Ошибка запроса 03:24:035001:278: 
[Росреестр] Ошибка запроса 03:09:000000:11011: 
[Росреестр] Ошибка запроса 03:19:150109:3: 
[Росреестр] Ошибка запроса 03:19:120101:31: 
[Росреестр] Ошибка запроса 33:06:081101:666: 
[Росреестр] Ошибка запроса 35:24:0302002:801: 
[Росреестр] Ошибка запроса 73:24:041009:547: 
[Росреестр] Ошибка запроса 51:20:0001318:408: 
[Росреестр] Ошибка запроса 35:25:0706002:363: 
[Росреестр] Ошибка запроса 34:28:130004:261: 
[Росреестр] Ошибка запроса 34:36:000002:1746: 
[Росреестр] Ошибка запроса 51:18:0020108:305: 
[Росреестр] Ошибка запроса 33:09:020256:1745: 
[Росреестр] Ошибка запроса 72:17:0101014:447: 
[Росреестр] Ошибка запроса 34:09:020633:388: 
[Росреестр] Ошибка запроса 34:09:140102:378: 
[Росреестр] Ошибка запроса 35:25:0706002:414: 
[Росреестр] Ошибка запроса 33:13:060131:0001: 
[Росреестр] Ошибка запроса 33:09:020256:1744: 
[Росреестр] Ошибка запроса 59:33:2940101:1909: 
[Росреестр] Ошибка запроса 59:33:2940101:1903: 
[Росреестр] Ошибка запроса 59:33:2940101:1906: 
[Росреестр] Ошибка запроса 59:33:2940101:1911: 
[Росреестр] Ошибка запроса 59:33:2940101:1907: 
[Росреестр] Ошибка запроса 59:16:0010706:61: 
[Росреестр] Ошибка запроса 59:16:0760101:520: 
[Росреестр] Ошибка запроса 59:16:0010150:136: 
[Росреестр] Ошибка запроса 59:16:0760101:522: 
[Росреестр] Ошибка запроса 59:16:0760101:521: 
[Росреестр] Ошибка запроса 59:16:1630101:847: 
[Росреестр] Ошибка запроса 16:37:030301:493: 
[Росреестр] Ошибка запроса 02:59:070312:100: 
[Росреестр] Ошибка запроса 02:59:020202:339: 
[Росреестр] Ошибка запроса 51:28:0010001:163: 
[Росреестр] Ошибка запроса 72:08:0108001:3091: 
[Росреестр] Ошибка запроса 53:17:0040103:375: 
[Росреестр] Ошибка запроса 53:17:0051201:393: 
[Росреестр] Ошибка запроса 73:19:073801:295: 
[Росреестр] Ошибка запроса 35:25:0706002:413: 
[Росреестр] Ошибка запроса 72:08:0501001:1770: 
[Росреестр] Ошибка запроса 35:25:0706002:413: 
[Росреестр] Ошибка запроса 52:18:0040021:161: 
[Росреестр] Ошибка запроса 34:08:040102:1205: 
[Росреестр] Ошибка запроса 74:11:0101067:539: 
[Росреестр] Ошибка запроса 74:11:0101013:30: 
[Росреестр] Ошибка запроса 69:33:0230601:259: 
[Росреестр] Ошибка запроса 59:24:1840101:2032: 
[Росреестр] Ошибка запроса 59:23:0591001:5: 
[Росреестр] Ошибка запроса 59:08:2301002:183: 
[Росреестр] Ошибка запроса 59:08:2301002:182: 
[Росреестр] Ошибка запроса 07:01:0800055:818: 
[Росреестр] Ошибка запроса 50:01:0060380:44: 
[Росреестр] Ошибка запроса 07:01:0800055:817: 
[Росреестр] Ошибка запроса 59:09:0013202:2478: 
[Росреестр] Ошибка запроса 59:09:0013202:2480: 
[Росреестр] Ошибка запроса 59:09:0013202:2479: 
[Росреестр] Ошибка запроса 07:01:0800055:813: 
[Росреестр] Ошибка запроса 60:15:1004003:192: 
[Росреестр] Ошибка запроса 29:18:020801:239: 
[Росреестр] Ошибка запроса 07:01:0800055:812: 
[Росреестр] Ошибка запроса 22:68:010520:213: 
[Росреестр] Ошибка запроса 22:68:010520:222: 
[Росреестр] Ошибка запроса 76:16:010301:01: 
[Росреестр] Ошибка запроса 66:15:2001001:621: 
[Росреестр] Ошибка запроса 66:15:3301001:827: 
[Росреестр] Ошибка запроса 66:15:3301001:825: 
[Росреестр] Ошибка запроса 66:15:2001001:174: 
[Росреестр] Ошибка запроса 66:15:3301001:823: 
[Росреестр] Ошибка запроса 66:15:3301001:826: 
[Росреестр] Ошибка запроса 66:15:1501019:1127: 
[Росреестр] Ошибка запроса 51:19:0010208:120: 
[Росреестр] Ошибка запроса 51:18:0020108:306: 
[Росреестр] Ошибка запроса 09:02:0030401:411: 
[Росреестр] Ошибка запроса 64:22:141016:396: 
[Росреестр] Ошибка запроса 24:52:0010330:2455: 
[Росреестр] Ошибка запроса 64:22:071201:405: 
[Росреестр] Ошибка запроса 50:28:0110301:0101: 
[Росреестр] Ошибка запроса 22:10:050018:291: 
[Росреестр] Ошибка запроса 22:10:010101:281: 
[Росреестр] Ошибка запроса 50:30:0010733:93: 
[Росреестр] Ошибка запроса 64:22:071201:403: 
[Росреестр] Ошибка запроса 11:10:4502048:82: 
[Росреестр] Ошибка запроса 64:22:071201:409: 
[Росреестр] Ошибка запроса 24:52:0010320:188: 
[Росреестр] Ошибка запроса 52:15:0080607:214: 
[Росреестр] Ошибка запроса 76:03:010101:1788: 
[Росреестр] Ошибка запроса 12:14:0508001:502: 
[Росреестр] Ошибка запроса 51:28:0100008:603: 
[Росреестр] Ошибка запроса 22:68:020709:1: 
[Росреестр] Ошибка запроса 22:68:010522:27: 
[Росреестр] Ошибка запроса 66:49:0501001:0001: 
[Росреестр] Ошибка запроса 19:05:040501:01: 
[Росреестр] Ошибка запроса 66:49:0501001:0001: 
[Росреестр] Ошибка запроса 21:25:190304:332: 
[Росреестр] Ошибка запроса 21:25:210104:240: 
[Росреестр] Ошибка запроса 21:25:180503:387: 
[Росреестр] Ошибка запроса 74:10:0101002:803: 
=== Готово: обогащено 0, не найдено в PKK: 500 ===
=== Обогащение данными Росреестра (пакет 500) ===
Найдено лотов для обогащения: 0
=== Готово: обогащено 0, не найдено в PKK: 0 ===
=== Обогащение данными Росреестра (пакет 500) ===
Найдено лотов для обогащения: 0
=== Готово: обогащено 0, не найдено в PKK: 0 ===
=== Обогащение данными Росреестра (пакет 500) ===
Найдено лотов для обогащения: 0
=== Готово: обогащено 0, не найдено в PKK: 0 ===
=== Обогащение данными Росреестра (пакет 500) ===
Найдено лотов для обогащения: 0
=== Готово: обогащено 0, не найдено в PKK: 0 ===
=== Обогащение данными Росреестра (пакет 500) ===
Найдено лотов для обогащения: 0
=== Готово: обогащено 0, не найдено в PKK: 0 ===
=== Обогащение данными Росреестра (пакет 500) ===
Найдено лотов для обогащения: 0
=== Готово: обогащено 0, не найдено в PKK: 0 ===
=== Обогащение данными Росреестра (пакет 500) ===
Найдено лотов для обогащения: 0
=== Готово: обогащено 0, не найдено в PKK: 0 ===
=== Обогащение данными Росреестра (пакет 500) ===
Найдено лотов для обогащения: 0
=== Готово: обогащено 0, не найдено в PKK: 0 ===
=== Обогащение данными Росреестра (пакет 500) ===
Traceback (most recent call last):
  File "C:\Users\Анна\Documents\project\sotka\enrich_local.py", line 121, in <module>
    asyncio.run(run())
    ~~~~~~~~~~~^^^^^^^
  File "C:\Users\Анна\AppData\Local\Python\pythoncore-3.14-64\Lib\asyncio\runners.py", line 204, in run
    return runner.run(main)
           ~~~~~~~~~~^^^^^^
  File "C:\Users\Анна\AppData\Local\Python\pythoncore-3.14-64\Lib\asyncio\runners.py", line 127, in run
    return self._loop.run_until_complete(task)
           ~~~~~~~~~~~~~~~~~~~~~~~~~~~~~^^^^^^
  File "C:\Users\Анна\AppData\Local\Python\pythoncore-3.14-64\Lib\asyncio\base_events.py", line 719, in run_until_complete
    return future.result()
           ~~~~~~~~~~~~~^^
  File "C:\Users\Анна\Documents\project\sotka\enrich_local.py", line 91, in run
    rows = await fetch_lot_ids()
           ^^^^^^^^^^^^^^^^^^^^^
  File "C:\Users\Анна\Documents\project\sotka\enrich_local.py", line 33, in fetch_lot_ids
    result = await db.execute(
             ^^^^^^^^^^^^^^^^^
    ...<3 lines>...
    )
    ^
  File "C:\Users\Анна\AppData\Local\Python\pythoncore-3.14-64\Lib\site-packages\sqlalchemy\ext\asyncio\session.py", line 449, in execute
    result = await greenlet_spawn(
             ^^^^^^^^^^^^^^^^^^^^^
    ...<6 lines>...
    )
    ^
  File "C:\Users\Анна\AppData\Local\Python\pythoncore-3.14-64\Lib\site-packages\sqlalchemy\util\_concurrency_py3k.py", line 201, in greenlet_spawn
    result = context.throw(*sys.exc_info())
  File "C:\Users\Анна\AppData\Local\Python\pythoncore-3.14-64\Lib\site-packages\sqlalchemy\orm\session.py", line 2351, in execute
    return self._execute_internal(
           ~~~~~~~~~~~~~~~~~~~~~~^
        statement,
        ^^^^^^^^^^
    ...<4 lines>...
        _add_event=_add_event,
        ^^^^^^^^^^^^^^^^^^^^^^
    )
    ^
  File "C:\Users\Анна\AppData\Local\Python\pythoncore-3.14-64\Lib\site-packages\sqlalchemy\orm\session.py", line 2239, in _execute_internal
    conn = self._connection_for_bind(bind)
  File "C:\Users\Анна\AppData\Local\Python\pythoncore-3.14-64\Lib\site-packages\sqlalchemy\orm\session.py", line 2108, in _connection_for_bind
    return trans._connection_for_bind(engine, execution_options)
           ~~~~~~~~~~~~~~~~~~~~~~~~~~^^^^^^^^^^^^^^^^^^^^^^^^^^^
  File "<string>", line 2, in _connection_for_bind
  File "C:\Users\Анна\AppData\Local\Python\pythoncore-3.14-64\Lib\site-packages\sqlalchemy\orm\state_changes.py", line 137, in _go
    ret_value = fn(self, *arg, **kw)
  File "C:\Users\Анна\AppData\Local\Python\pythoncore-3.14-64\Lib\site-packages\sqlalchemy\orm\session.py", line 1187, in _connection_for_bind
    conn = bind.connect()
  File "C:\Users\Анна\AppData\Local\Python\pythoncore-3.14-64\Lib\site-packages\sqlalchemy\engine\base.py", line 3293, in connect
    return self._connection_cls(self)
           ~~~~~~~~~~~~~~~~~~~~^^^^^^
  File "C:\Users\Анна\AppData\Local\Python\pythoncore-3.14-64\Lib\site-packages\sqlalchemy\engine\base.py", line 143, in __init__
    self._dbapi_connection = engine.raw_connection()
                             ~~~~~~~~~~~~~~~~~~~~~^^
  File "C:\Users\Анна\AppData\Local\Python\pythoncore-3.14-64\Lib\site-packages\sqlalchemy\engine\base.py", line 3317, in raw_connection
    return self.pool.connect()
           ~~~~~~~~~~~~~~~~~^^
  File "C:\Users\Анна\AppData\Local\Python\pythoncore-3.14-64\Lib\site-packages\sqlalchemy\pool\base.py", line 448, in connect
    return _ConnectionFairy._checkout(self)
           ~~~~~~~~~~~~~~~~~~~~~~~~~~^^^^^^
  File "C:\Users\Анна\AppData\Local\Python\pythoncore-3.14-64\Lib\site-packages\sqlalchemy\pool\base.py", line 1272, in _checkout
    fairy = _ConnectionRecord.checkout(pool)
  File "C:\Users\Анна\AppData\Local\Python\pythoncore-3.14-64\Lib\site-packages\sqlalchemy\pool\base.py", line 712, in checkout
    rec = pool._do_get()
  File "C:\Users\Анна\AppData\Local\Python\pythoncore-3.14-64\Lib\site-packages\sqlalchemy\pool\impl.py", line 177, in _do_get
    with util.safe_reraise():
         ~~~~~~~~~~~~~~~~~^^
  File "C:\Users\Анна\AppData\Local\Python\pythoncore-3.14-64\Lib\site-packages\sqlalchemy\util\langhelpers.py", line 121, in __exit__
    raise exc_value.with_traceback(exc_tb)
  File "C:\Users\Анна\AppData\Local\Python\pythoncore-3.14-64\Lib\site-packages\sqlalchemy\pool\impl.py", line 175, in _do_get
    return self._create_connection()
           ~~~~~~~~~~~~~~~~~~~~~~~^^
  File "C:\Users\Анна\AppData\Local\Python\pythoncore-3.14-64\Lib\site-packages\sqlalchemy\pool\base.py", line 389, in _create_connection
    return _ConnectionRecord(self)
  File "C:\Users\Анна\AppData\Local\Python\pythoncore-3.14-64\Lib\site-packages\sqlalchemy\pool\base.py", line 674, in __init__
    self.__connect()
    ~~~~~~~~~~~~~~^^
  File "C:\Users\Анна\AppData\Local\Python\pythoncore-3.14-64\Lib\site-packages\sqlalchemy\pool\base.py", line 900, in __connect
    with util.safe_reraise():
         ~~~~~~~~~~~~~~~~~^^
  File "C:\Users\Анна\AppData\Local\Python\pythoncore-3.14-64\Lib\site-packages\sqlalchemy\util\langhelpers.py", line 121, in __exit__
    raise exc_value.with_traceback(exc_tb)
  File "C:\Users\Анна\AppData\Local\Python\pythoncore-3.14-64\Lib\site-packages\sqlalchemy\pool\base.py", line 896, in __connect
    self.dbapi_connection = connection = pool._invoke_creator(self)
                                         ~~~~~~~~~~~~~~~~~~~~^^^^^^
  File "C:\Users\Анна\AppData\Local\Python\pythoncore-3.14-64\Lib\site-packages\sqlalchemy\engine\create.py", line 667, in connect
    return dialect.connect(*cargs_tup, **cparams)
           ~~~~~~~~~~~~~~~^^^^^^^^^^^^^^^^^^^^^^^
  File "C:\Users\Анна\AppData\Local\Python\pythoncore-3.14-64\Lib\site-packages\sqlalchemy\engine\default.py", line 630, in connect
    return self.loaded_dbapi.connect(*cargs, **cparams)  # type: ignore[no-any-return]  # NOQA: E501
           ~~~~~~~~~~~~~~~~~~~~~~~~~^^^^^^^^^^^^^^^^^^^
  File "C:\Users\Анна\AppData\Local\Python\pythoncore-3.14-64\Lib\site-packages\sqlalchemy\dialects\postgresql\asyncpg.py", line 955, in connect
    await_only(creator_fn(*arg, **kw)),
    ~~~~~~~~~~^^^^^^^^^^^^^^^^^^^^^^^^
  File "C:\Users\Анна\AppData\Local\Python\pythoncore-3.14-64\Lib\site-packages\sqlalchemy\util\_concurrency_py3k.py", line 132, in await_only
    return current.parent.switch(awaitable)  # type: ignore[no-any-return,attr-defined] # noqa: E501
           ~~~~~~~~~~~~~~~~~~~~~^^^^^^^^^^^
  File "C:\Users\Анна\AppData\Local\Python\pythoncore-3.14-64\Lib\site-packages\sqlalchemy\util\_concurrency_py3k.py", line 196, in greenlet_spawn
    value = await result
            ^^^^^^^^^^^^
  File "C:\Users\Анна\AppData\Local\Python\pythoncore-3.14-64\Lib\site-packages\asyncpg\connection.py", line 2443, in connect
    return await connect_utils._connect(
           ^^^^^^^^^^^^^^^^^^^^^^^^^^^^^
    ...<22 lines>...
    )
    ^
  File "C:\Users\Анна\AppData\Local\Python\pythoncore-3.14-64\Lib\site-packages\asyncpg\connect_utils.py", line 1249, in _connect
    raise last_error or exceptions.TargetServerAttributeNotMatched(
    ...<2 lines>...
    )
  File "C:\Users\Анна\AppData\Local\Python\pythoncore-3.14-64\Lib\site-packages\asyncpg\connect_utils.py", line 1218, in _connect
    conn = await _connect_addr(
           ^^^^^^^^^^^^^^^^^^^^
    ...<6 lines>...
    )
    ^
  File "C:\Users\Анна\AppData\Local\Python\pythoncore-3.14-64\Lib\site-packages\asyncpg\connect_utils.py", line 1054, in _connect_addr
    return await __connect_addr(params, True, *args)
           ^^^^^^^^^^^^^^^^^^^^^^^^^^^^^^^^^^^^^^^^^
  File "C:\Users\Анна\AppData\Local\Python\pythoncore-3.14-64\Lib\site-packages\asyncpg\connect_utils.py", line 1099, in __connect_addr
    tr, pr = await connector
             ^^^^^^^^^^^^^^^
  File "C:\Users\Анна\AppData\Local\Python\pythoncore-3.14-64\Lib\site-packages\asyncpg\connect_utils.py", line 969, in _create_ssl_connection
    tr, pr = await loop.create_connection(
             ^^^^^^^^^^^^^^^^^^^^^^^^^^^^^
    ...<2 lines>...
        host, port)
        ^^^^^^^^^^^
  File "C:\Users\Анна\AppData\Local\Python\pythoncore-3.14-64\Lib\asyncio\base_events.py", line 1168, in create_connection
    raise exceptions[0]
  File "C:\Users\Анна\AppData\Local\Python\pythoncore-3.14-64\Lib\asyncio\base_events.py", line 1143, in create_connection
    sock = await self._connect_sock(
           ^^^^^^^^^^^^^^^^^^^^^^^^^
        exceptions, addrinfo, laddr_infos)
        ^^^^^^^^^^^^^^^^^^^^^^^^^^^^^^^^^^
  File "C:\Users\Анна\AppData\Local\Python\pythoncore-3.14-64\Lib\asyncio\base_events.py", line 1042, in _connect_sock
    await self.sock_connect(sock, address)
  File "C:\Users\Анна\AppData\Local\Python\pythoncore-3.14-64\Lib\asyncio\proactor_events.py", line 728, in sock_connect
    return await self._proactor.connect(sock, address)
           ^^^^^^^^^^^^^^^^^^^^^^^^^^^^^^^^^^^^^^^^^^^
  File "C:\Users\Анна\AppData\Local\Python\pythoncore-3.14-64\Lib\asyncio\windows_events.py", line 804, in _poll
    value = callback(transferred, key, ov)
  File "C:\Users\Анна\AppData\Local\Python\pythoncore-3.14-64\Lib\asyncio\windows_events.py", line 600, in finish_connect
    ov.getresult()
    ~~~~~~~~~~~~^^
OSError: [WinError 121] Превышен таймаут семафора
=== Обогащение данными Росреестра (пакет 500) ===
Traceback (most recent call last):
  File "C:\Users\Анна\Documents\project\sotka\enrich_local.py", line 121, in <module>
    asyncio.run(run())
    ~~~~~~~~~~~^^^^^^^
  File "C:\Users\Анна\AppData\Local\Python\pythoncore-3.14-64\Lib\asyncio\runners.py", line 204, in run
    return runner.run(main)
           ~~~~~~~~~~^^^^^^
  File "C:\Users\Анна\AppData\Local\Python\pythoncore-3.14-64\Lib\asyncio\runners.py", line 127, in run
    return self._loop.run_until_complete(task)
           ~~~~~~~~~~~~~~~~~~~~~~~~~~~~~^^^^^^
  File "C:\Users\Анна\AppData\Local\Python\pythoncore-3.14-64\Lib\asyncio\base_events.py", line 719, in run_until_complete
    return future.result()
           ~~~~~~~~~~~~~^^
  File "C:\Users\Анна\Documents\project\sotka\enrich_local.py", line 91, in run
    rows = await fetch_lot_ids()
           ^^^^^^^^^^^^^^^^^^^^^
  File "C:\Users\Анна\Documents\project\sotka\enrich_local.py", line 33, in fetch_lot_ids
    result = await db.execute(
             ^^^^^^^^^^^^^^^^^
    ...<3 lines>...
    )
    ^
  File "C:\Users\Анна\AppData\Local\Python\pythoncore-3.14-64\Lib\site-packages\sqlalchemy\ext\asyncio\session.py", line 449, in execute
    result = await greenlet_spawn(
             ^^^^^^^^^^^^^^^^^^^^^
    ...<6 lines>...
    )
    ^
  File "C:\Users\Анна\AppData\Local\Python\pythoncore-3.14-64\Lib\site-packages\sqlalchemy\util\_concurrency_py3k.py", line 201, in greenlet_spawn
    result = context.throw(*sys.exc_info())
  File "C:\Users\Анна\AppData\Local\Python\pythoncore-3.14-64\Lib\site-packages\sqlalchemy\orm\session.py", line 2351, in execute
    return self._execute_internal(
           ~~~~~~~~~~~~~~~~~~~~~~^
        statement,
        ^^^^^^^^^^
    ...<4 lines>...
        _add_event=_add_event,
        ^^^^^^^^^^^^^^^^^^^^^^
    )
    ^
  File "C:\Users\Анна\AppData\Local\Python\pythoncore-3.14-64\Lib\site-packages\sqlalchemy\orm\session.py", line 2239, in _execute_internal
    conn = self._connection_for_bind(bind)
  File "C:\Users\Анна\AppData\Local\Python\pythoncore-3.14-64\Lib\site-packages\sqlalchemy\orm\session.py", line 2108, in _connection_for_bind
    return trans._connection_for_bind(engine, execution_options)
           ~~~~~~~~~~~~~~~~~~~~~~~~~~^^^^^^^^^^^^^^^^^^^^^^^^^^^
  File "<string>", line 2, in _connection_for_bind
  File "C:\Users\Анна\AppData\Local\Python\pythoncore-3.14-64\Lib\site-packages\sqlalchemy\orm\state_changes.py", line 137, in _go
    ret_value = fn(self, *arg, **kw)
  File "C:\Users\Анна\AppData\Local\Python\pythoncore-3.14-64\Lib\site-packages\sqlalchemy\orm\session.py", line 1187, in _connection_for_bind
    conn = bind.connect()
  File "C:\Users\Анна\AppData\Local\Python\pythoncore-3.14-64\Lib\site-packages\sqlalchemy\engine\base.py", line 3293, in connect
    return self._connection_cls(self)
           ~~~~~~~~~~~~~~~~~~~~^^^^^^
  File "C:\Users\Анна\AppData\Local\Python\pythoncore-3.14-64\Lib\site-packages\sqlalchemy\engine\base.py", line 143, in __init__
    self._dbapi_connection = engine.raw_connection()
                             ~~~~~~~~~~~~~~~~~~~~~^^
  File "C:\Users\Анна\AppData\Local\Python\pythoncore-3.14-64\Lib\site-packages\sqlalchemy\engine\base.py", line 3317, in raw_connection
    return self.pool.connect()
           ~~~~~~~~~~~~~~~~~^^
  File "C:\Users\Анна\AppData\Local\Python\pythoncore-3.14-64\Lib\site-packages\sqlalchemy\pool\base.py", line 448, in connect
    return _ConnectionFairy._checkout(self)
           ~~~~~~~~~~~~~~~~~~~~~~~~~~^^^^^^
  File "C:\Users\Анна\AppData\Local\Python\pythoncore-3.14-64\Lib\site-packages\sqlalchemy\pool\base.py", line 1272, in _checkout
    fairy = _ConnectionRecord.checkout(pool)
  File "C:\Users\Анна\AppData\Local\Python\pythoncore-3.14-64\Lib\site-packages\sqlalchemy\pool\base.py", line 712, in checkout
    rec = pool._do_get()
  File "C:\Users\Анна\AppData\Local\Python\pythoncore-3.14-64\Lib\site-packages\sqlalchemy\pool\impl.py", line 177, in _do_get
    with util.safe_reraise():
         ~~~~~~~~~~~~~~~~~^^
  File "C:\Users\Анна\AppData\Local\Python\pythoncore-3.14-64\Lib\site-packages\sqlalchemy\util\langhelpers.py", line 121, in __exit__
    raise exc_value.with_traceback(exc_tb)
  File "C:\Users\Анна\AppData\Local\Python\pythoncore-3.14-64\Lib\site-packages\sqlalchemy\pool\impl.py", line 175, in _do_get
    return self._create_connection()
           ~~~~~~~~~~~~~~~~~~~~~~~^^
  File "C:\Users\Анна\AppData\Local\Python\pythoncore-3.14-64\Lib\site-packages\sqlalchemy\pool\base.py", line 389, in _create_connection
    return _ConnectionRecord(self)
  File "C:\Users\Анна\AppData\Local\Python\pythoncore-3.14-64\Lib\site-packages\sqlalchemy\pool\base.py", line 674, in __init__
    self.__connect()
    ~~~~~~~~~~~~~~^^
  File "C:\Users\Анна\AppData\Local\Python\pythoncore-3.14-64\Lib\site-packages\sqlalchemy\pool\base.py", line 900, in __connect
    with util.safe_reraise():
         ~~~~~~~~~~~~~~~~~^^
  File "C:\Users\Анна\AppData\Local\Python\pythoncore-3.14-64\Lib\site-packages\sqlalchemy\util\langhelpers.py", line 121, in __exit__
    raise exc_value.with_traceback(exc_tb)
  File "C:\Users\Анна\AppData\Local\Python\pythoncore-3.14-64\Lib\site-packages\sqlalchemy\pool\base.py", line 896, in __connect
    self.dbapi_connection = connection = pool._invoke_creator(self)
                                         ~~~~~~~~~~~~~~~~~~~~^^^^^^
  File "C:\Users\Анна\AppData\Local\Python\pythoncore-3.14-64\Lib\site-packages\sqlalchemy\engine\create.py", line 667, in connect
    return dialect.connect(*cargs_tup, **cparams)
           ~~~~~~~~~~~~~~~^^^^^^^^^^^^^^^^^^^^^^^
  File "C:\Users\Анна\AppData\Local\Python\pythoncore-3.14-64\Lib\site-packages\sqlalchemy\engine\default.py", line 630, in connect
    return self.loaded_dbapi.connect(*cargs, **cparams)  # type: ignore[no-any-return]  # NOQA: E501
           ~~~~~~~~~~~~~~~~~~~~~~~~~^^^^^^^^^^^^^^^^^^^
  File "C:\Users\Анна\AppData\Local\Python\pythoncore-3.14-64\Lib\site-packages\sqlalchemy\dialects\postgresql\asyncpg.py", line 955, in connect
    await_only(creator_fn(*arg, **kw)),
    ~~~~~~~~~~^^^^^^^^^^^^^^^^^^^^^^^^
  File "C:\Users\Анна\AppData\Local\Python\pythoncore-3.14-64\Lib\site-packages\sqlalchemy\util\_concurrency_py3k.py", line 132, in await_only
    return current.parent.switch(awaitable)  # type: ignore[no-any-return,attr-defined] # noqa: E501
           ~~~~~~~~~~~~~~~~~~~~~^^^^^^^^^^^
  File "C:\Users\Анна\AppData\Local\Python\pythoncore-3.14-64\Lib\site-packages\sqlalchemy\util\_concurrency_py3k.py", line 196, in greenlet_spawn
    value = await result
            ^^^^^^^^^^^^
  File "C:\Users\Анна\AppData\Local\Python\pythoncore-3.14-64\Lib\site-packages\asyncpg\connection.py", line 2443, in connect
    return await connect_utils._connect(
           ^^^^^^^^^^^^^^^^^^^^^^^^^^^^^
    ...<22 lines>...
    )
    ^
  File "C:\Users\Анна\AppData\Local\Python\pythoncore-3.14-64\Lib\site-packages\asyncpg\connect_utils.py", line 1249, in _connect
    raise last_error or exceptions.TargetServerAttributeNotMatched(
    ...<2 lines>...
    )
  File "C:\Users\Анна\AppData\Local\Python\pythoncore-3.14-64\Lib\site-packages\asyncpg\connect_utils.py", line 1218, in _connect
    conn = await _connect_addr(
           ^^^^^^^^^^^^^^^^^^^^
    ...<6 lines>...
    )
    ^
  File "C:\Users\Анна\AppData\Local\Python\pythoncore-3.14-64\Lib\site-packages\asyncpg\connect_utils.py", line 1054, in _connect_addr
    return await __connect_addr(params, True, *args)
           ^^^^^^^^^^^^^^^^^^^^^^^^^^^^^^^^^^^^^^^^^
  File "C:\Users\Анна\AppData\Local\Python\pythoncore-3.14-64\Lib\site-packages\asyncpg\connect_utils.py", line 1099, in __connect_addr
    tr, pr = await connector
             ^^^^^^^^^^^^^^^
  File "C:\Users\Анна\AppData\Local\Python\pythoncore-3.14-64\Lib\site-packages\asyncpg\connect_utils.py", line 969, in _create_ssl_connection
    tr, pr = await loop.create_connection(
             ^^^^^^^^^^^^^^^^^^^^^^^^^^^^^
    ...<2 lines>...
        host, port)
        ^^^^^^^^^^^
  File "C:\Users\Анна\AppData\Local\Python\pythoncore-3.14-64\Lib\asyncio\base_events.py", line 1168, in create_connection
    raise exceptions[0]
  File "C:\Users\Анна\AppData\Local\Python\pythoncore-3.14-64\Lib\asyncio\base_events.py", line 1143, in create_connection
    sock = await self._connect_sock(
           ^^^^^^^^^^^^^^^^^^^^^^^^^
        exceptions, addrinfo, laddr_infos)
        ^^^^^^^^^^^^^^^^^^^^^^^^^^^^^^^^^^
  File "C:\Users\Анна\AppData\Local\Python\pythoncore-3.14-64\Lib\asyncio\base_events.py", line 1042, in _connect_sock
    await self.sock_connect(sock, address)
  File "C:\Users\Анна\AppData\Local\Python\pythoncore-3.14-64\Lib\asyncio\proactor_events.py", line 728, in sock_connect
    return await self._proactor.connect(sock, address)
           ^^^^^^^^^^^^^^^^^^^^^^^^^^^^^^^^^^^^^^^^^^^
  File "C:\Users\Анна\AppData\Local\Python\pythoncore-3.14-64\Lib\asyncio\windows_events.py", line 804, in _poll
    value = callback(transferred, key, ov)
  File "C:\Users\Анна\AppData\Local\Python\pythoncore-3.14-64\Lib\asyncio\windows_events.py", line 600, in finish_connect
    ov.getresult()
    ~~~~~~~~~~~~^^
OSError: [WinError 121] Превышен таймаут семафора
Traceback (most recent call last):
  File "C:\Users\Анна\Documents\project\sotka\enrich_local.py", line 21, in <module>
    from services.rosreestr import RosreestrClient
  File "C:\Users\Анна\Documents\project\sotka\backend\services\rosreestr.py", line 9, in <module>
    from curl_cffi.requests import AsyncSession
ModuleNotFoundError: No module named 'curl_cffi'
Traceback (most recent call last):
  File "C:\Users\Анна\Documents\project\sotka\enrich_local.py", line 21, in <module>
    from services.rosreestr import RosreestrClient
  File "C:\Users\Анна\Documents\project\sotka\backend\services\rosreestr.py", line 9, in <module>
    from curl_cffi.requests import AsyncSession
ModuleNotFoundError: No module named 'curl_cffi'
Traceback (most recent call last):
  File "C:\Users\Анна\Documents\project\sotka\enrich_local.py", line 21, in <module>
    from services.rosreestr import RosreestrClient
  File "C:\Users\Анна\Documents\project\sotka\backend\services\rosreestr.py", line 9, in <module>
    from curl_cffi.requests import AsyncSession
ModuleNotFoundError: No module named 'curl_cffi'
Traceback (most recent call last):
  File "C:\Users\Анна\Documents\project\sotka\enrich_local.py", line 21, in <module>
    from services.rosreestr import RosreestrClient
  File "C:\Users\Анна\Documents\project\sotka\backend\services\rosreestr.py", line 9, in <module>
    from curl_cffi.requests import AsyncSession
ModuleNotFoundError: No module named 'curl_cffi'
Traceback (most recent call last):
  File "C:\Users\Анна\Documents\project\sotka\enrich_local.py", line 21, in <module>
    from services.rosreestr import RosreestrClient
  File "C:\Users\Анна\Documents\project\sotka\backend\services\rosreestr.py", line 9, in <module>
    from curl_cffi.requests import AsyncSession
ModuleNotFoundError: No module named 'curl_cffi'
